2023-10-06 13:25:19,380 DEBUG    root            Loaded Command Group: ['gcloud', 'components']
2023-10-06 13:25:19,382 DEBUG    root            Loaded Command Group: ['gcloud', 'components', 'update']
2023-10-06 13:25:19,386 DEBUG    root            Running [gcloud.components.update] with arguments: [--quiet: "True", COMPONENT-IDS:8: "['gcloud', 'core', 'bq', 'gsutil', 'compute', 'preview', 'alpha', 'beta']"]
2023-10-06 13:25:19,387 INFO     ___FILE_ONLY___ Beginning update. This process may take several minutes.

2023-10-06 13:25:19,392 DEBUG    urllib3.connectionpool Starting new HTTPS connection (1): dl.google.com:443
2023-10-06 13:25:19,481 DEBUG    urllib3.connectionpool https://dl.google.com:443 "GET /dl/cloudsdk/channels/rapid/components-2.json HTTP/1.1" 200 209942
2023-10-06 13:25:19,506 WARNING  root            Component [compute] no longer exists.
2023-10-06 13:25:19,506 WARNING  root            Component [preview] no longer exists.
2023-10-06 13:25:19,507 INFO     ___FILE_ONLY___ 

2023-10-06 13:25:19,508 INFO     ___FILE_ONLY___ 
Your current Google Cloud CLI version is: 449.0.0

2023-10-06 13:25:19,508 INFO     ___FILE_ONLY___ Installing components from version: 449.0.0

2023-10-06 13:25:19,508 INFO     ___FILE_ONLY___ 

2023-10-06 13:25:19,508 DEBUG    root            Chosen display Format:table[box,title="These components will be removed."](details.display_name:label=Name:align=left,version.version_string:label=Version:align=right,data.size.size(zero="",min=1048576):label=Size:align=right)
2023-10-06 13:25:19,509 DEBUG    root            Chosen display Format:table[box,title="These components will be updated."](details.display_name:label=Name:align=left,version.version_string:label=Version:align=right,data.size.size(zero="",min=1048576):label=Size:align=right)
2023-10-06 13:25:19,510 DEBUG    root            Chosen display Format:table[box,title="These components will be installed."](details.display_name:label=Name:align=left,version.version_string:label=Version:align=right,data.size.size(zero="",min=1048576):label=Size:align=right)
2023-10-06 13:25:19,512 INFO     ___FILE_ONLY___ ┌──────────────────────────────────────────────┐
2023-10-06 13:25:19,512 INFO     ___FILE_ONLY___ 

2023-10-06 13:25:19,512 INFO     ___FILE_ONLY___ │     These components will be installed.      │
2023-10-06 13:25:19,512 INFO     ___FILE_ONLY___ 

2023-10-06 13:25:19,513 INFO     ___FILE_ONLY___ ├───────────────────────┬────────────┬─────────┤
2023-10-06 13:25:19,513 INFO     ___FILE_ONLY___ 

2023-10-06 13:25:19,513 INFO     ___FILE_ONLY___ │          Name         │  Version   │   Size  │
2023-10-06 13:25:19,513 INFO     ___FILE_ONLY___ 

2023-10-06 13:25:19,513 INFO     ___FILE_ONLY___ ├───────────────────────┼────────────┼─────────┤
2023-10-06 13:25:19,513 INFO     ___FILE_ONLY___ 

2023-10-06 13:25:19,513 INFO     ___FILE_ONLY___ │ 
2023-10-06 13:25:19,513 INFO     ___FILE_ONLY___ gcloud Alpha Commands
2023-10-06 13:25:19,513 INFO     ___FILE_ONLY___  
2023-10-06 13:25:19,513 INFO     ___FILE_ONLY___ │ 
2023-10-06 13:25:19,513 INFO     ___FILE_ONLY___ 2023.10.02
2023-10-06 13:25:19,513 INFO     ___FILE_ONLY___  
2023-10-06 13:25:19,513 INFO     ___FILE_ONLY___ │ 
2023-10-06 13:25:19,514 INFO     ___FILE_ONLY___ < 1 MiB
2023-10-06 13:25:19,514 INFO     ___FILE_ONLY___  
2023-10-06 13:25:19,514 INFO     ___FILE_ONLY___ │
2023-10-06 13:25:19,514 INFO     ___FILE_ONLY___ 

2023-10-06 13:25:19,514 INFO     ___FILE_ONLY___ │ 
2023-10-06 13:25:19,514 INFO     ___FILE_ONLY___ gcloud Beta Commands 
2023-10-06 13:25:19,514 INFO     ___FILE_ONLY___  
2023-10-06 13:25:19,514 INFO     ___FILE_ONLY___ │ 
2023-10-06 13:25:19,514 INFO     ___FILE_ONLY___ 2023.10.02
2023-10-06 13:25:19,514 INFO     ___FILE_ONLY___  
2023-10-06 13:25:19,514 INFO     ___FILE_ONLY___ │ 
2023-10-06 13:25:19,514 INFO     ___FILE_ONLY___ < 1 MiB
2023-10-06 13:25:19,514 INFO     ___FILE_ONLY___  
2023-10-06 13:25:19,515 INFO     ___FILE_ONLY___ │
2023-10-06 13:25:19,515 INFO     ___FILE_ONLY___ 

2023-10-06 13:25:19,515 INFO     ___FILE_ONLY___ └───────────────────────┴────────────┴─────────┘
2023-10-06 13:25:19,515 INFO     ___FILE_ONLY___ 

2023-10-06 13:25:19,515 INFO     ___FILE_ONLY___ 

2023-10-06 13:25:19,519 DEBUG    urllib3.connectionpool Starting new HTTPS connection (1): dl.google.com:443
2023-10-06 13:25:19,624 DEBUG    urllib3.connectionpool https://dl.google.com:443 "GET /dl/cloudsdk/channels/rapid/RELEASE_NOTES HTTP/1.1" 200 1085080
2023-10-06 13:25:19,698 INFO     ___FILE_ONLY___ For the latest full release notes, please visit:
  https://cloud.google.com/sdk/release_notes


2023-10-06 13:25:19,701 INFO     ___FILE_ONLY___ ╔════════════════════════════════════════════════════════════╗

2023-10-06 13:25:19,701 INFO     ___FILE_ONLY___ ╠═ Creating update staging area                             ═╣

2023-10-06 13:25:19,701 INFO     ___FILE_ONLY___ ╚
2023-10-06 13:25:19,701 INFO     ___FILE_ONLY___ ══════
2023-10-06 13:25:20,420 INFO     ___FILE_ONLY___ ══════
2023-10-06 13:25:20,420 INFO     ___FILE_ONLY___ ══════
2023-10-06 13:25:20,834 INFO     ___FILE_ONLY___ ═
2023-10-06 13:25:20,969 INFO     ___FILE_ONLY___ ═
2023-10-06 13:25:21,080 INFO     ___FILE_ONLY___ ═
2023-10-06 13:25:21,392 INFO     ___FILE_ONLY___ ═
2023-10-06 13:25:21,479 INFO     ___FILE_ONLY___ ═
2023-10-06 13:25:21,582 INFO     ___FILE_ONLY___ ═
2023-10-06 13:25:21,669 INFO     ___FILE_ONLY___ ═
2023-10-06 13:25:21,787 INFO     ___FILE_ONLY___ ═
2023-10-06 13:25:21,886 INFO     ___FILE_ONLY___ ═
2023-10-06 13:25:22,004 INFO     ___FILE_ONLY___ ═
2023-10-06 13:25:22,078 INFO     ___FILE_ONLY___ ═
2023-10-06 13:25:22,189 INFO     ___FILE_ONLY___ ═
2023-10-06 13:25:22,369 INFO     ___FILE_ONLY___ ═
2023-10-06 13:25:22,457 INFO     ___FILE_ONLY___ ═
2023-10-06 13:25:22,530 INFO     ___FILE_ONLY___ ═
2023-10-06 13:25:22,617 INFO     ___FILE_ONLY___ ═
2023-10-06 13:25:22,674 INFO     ___FILE_ONLY___ ═
2023-10-06 13:25:22,801 INFO     ___FILE_ONLY___ ═
2023-10-06 13:25:22,869 INFO     ___FILE_ONLY___ ═
2023-10-06 13:25:22,937 INFO     ___FILE_ONLY___ ═
2023-10-06 13:25:23,016 INFO     ___FILE_ONLY___ ═
2023-10-06 13:25:23,090 INFO     ___FILE_ONLY___ ═
2023-10-06 13:25:23,152 INFO     ___FILE_ONLY___ ═
2023-10-06 13:25:23,204 INFO     ___FILE_ONLY___ ═
2023-10-06 13:25:23,260 INFO     ___FILE_ONLY___ ═
2023-10-06 13:25:23,329 INFO     ___FILE_ONLY___ ═
2023-10-06 13:25:23,385 INFO     ___FILE_ONLY___ ═
2023-10-06 13:25:23,448 INFO     ___FILE_ONLY___ ═
2023-10-06 13:25:23,506 INFO     ___FILE_ONLY___ ═
2023-10-06 13:25:23,564 INFO     ___FILE_ONLY___ ═
2023-10-06 13:25:23,636 INFO     ___FILE_ONLY___ ═
2023-10-06 13:25:23,706 INFO     ___FILE_ONLY___ ═
2023-10-06 13:25:23,758 INFO     ___FILE_ONLY___ ═
2023-10-06 13:25:23,826 INFO     ___FILE_ONLY___ ═
2023-10-06 13:25:23,895 INFO     ___FILE_ONLY___ ═
2023-10-06 13:25:23,954 INFO     ___FILE_ONLY___ ═
2023-10-06 13:25:24,013 INFO     ___FILE_ONLY___ ═
2023-10-06 13:25:24,101 INFO     ___FILE_ONLY___ ═
2023-10-06 13:25:24,285 INFO     ___FILE_ONLY___ ═
2023-10-06 13:25:24,342 INFO     ___FILE_ONLY___ ═
2023-10-06 13:25:24,404 INFO     ___FILE_ONLY___ ═
2023-10-06 13:25:24,538 INFO     ___FILE_ONLY___ ═
2023-10-06 13:25:24,538 INFO     ___FILE_ONLY___ ╝

2023-10-06 13:25:27,218 INFO     ___FILE_ONLY___ ╔════════════════════════════════════════════════════════════╗

2023-10-06 13:25:27,218 INFO     ___FILE_ONLY___ ╠═ Installing: gcloud Alpha Commands                        ═╣

2023-10-06 13:25:27,219 INFO     ___FILE_ONLY___ ╚
2023-10-06 13:25:27,223 DEBUG    urllib3.connectionpool Starting new HTTPS connection (1): dl.google.com:443
2023-10-06 13:25:27,312 DEBUG    urllib3.connectionpool https://dl.google.com:443 "GET /dl/cloudsdk/channels/rapid/components/google-cloud-sdk-alpha-20231002150006.tar.gz HTTP/1.1" 200 800
2023-10-06 13:25:27,313 INFO     ___FILE_ONLY___ ══════════════════════════════
2023-10-06 13:25:27,314 INFO     ___FILE_ONLY___ ══════════════════════════════
2023-10-06 13:25:27,315 INFO     ___FILE_ONLY___ ╝

2023-10-06 13:25:27,324 INFO     ___FILE_ONLY___ ╔════════════════════════════════════════════════════════════╗

2023-10-06 13:25:27,324 INFO     ___FILE_ONLY___ ╠═ Installing: gcloud Beta Commands                         ═╣

2023-10-06 13:25:27,325 INFO     ___FILE_ONLY___ ╚
2023-10-06 13:25:27,329 DEBUG    urllib3.connectionpool Starting new HTTPS connection (1): dl.google.com:443
2023-10-06 13:25:27,417 DEBUG    urllib3.connectionpool https://dl.google.com:443 "GET /dl/cloudsdk/channels/rapid/components/google-cloud-sdk-beta-20231002150006.tar.gz HTTP/1.1" 200 797
2023-10-06 13:25:27,418 INFO     ___FILE_ONLY___ ══════════════════════════════
2023-10-06 13:25:27,419 INFO     ___FILE_ONLY___ ══════════════════════════════
2023-10-06 13:25:27,419 INFO     ___FILE_ONLY___ ╝

2023-10-06 13:25:27,428 INFO     ___FILE_ONLY___ ╔════════════════════════════════════════════════════════════╗

2023-10-06 13:25:27,428 INFO     ___FILE_ONLY___ ╠═ Creating backup and activating new installation          ═╣

2023-10-06 13:25:27,429 INFO     ___FILE_ONLY___ ╚
2023-10-06 13:25:27,429 DEBUG    root            Attempting to move directory [/tools/google-cloud-sdk] to [/tools/google-cloud-sdk.staging/.install/.backup]
2023-10-06 13:25:27,429 INFO     ___FILE_ONLY___ ══════════════════════════════
2023-10-06 13:25:27,429 DEBUG    root            Attempting to move directory [/tools/google-cloud-sdk.staging] to [/tools/google-cloud-sdk]
2023-10-06 13:25:27,429 INFO     ___FILE_ONLY___ ══════════════════════════════
2023-10-06 13:25:27,429 INFO     ___FILE_ONLY___ ╝

2023-10-06 13:25:27,434 DEBUG    root            Updating notification cache...
2023-10-06 13:25:27,434 INFO     ___FILE_ONLY___ 

2023-10-06 13:25:27,436 INFO     ___FILE_ONLY___ Performing post processing steps...
2023-10-06 13:25:27,437 DEBUG    root            Executing command: ['python3', '-S', '/tools/google-cloud-sdk/lib/gcloud.py', 'components', 'post-process']
2023-10-06 13:25:37,492 DEBUG    ___FILE_ONLY___ 
2023-10-06 13:25:37,492 DEBUG    ___FILE_ONLY___ 
2023-10-06 13:25:37,702 INFO     ___FILE_ONLY___ 
Update done!


2023-10-06 13:25:37,706 DEBUG    root            Chosen display Format:none
2023-10-06 13:25:37,707 INFO     root            Display format: "none"
