2023-10-06 13:24:42,826 DEBUG    root            Loaded Command Group: ['gcloud', 'components']
2023-10-06 13:24:42,830 DEBUG    root            Loaded Command Group: ['gcloud', 'components', 'update']
2023-10-06 13:24:42,833 DEBUG    root            Running [gcloud.components.update] with arguments: [--allow-no-backup: "True", --compile-python: "True", --quiet: "True", COMPONENT-IDS:7: "['core', 'gcloud-deps', 'bq', 'gcloud', 'gcloud-crc32c', 'gsutil', 'anthoscli']"]
2023-10-06 13:24:42,834 INFO     ___FILE_ONLY___ Beginning update. This process may take several minutes.

2023-10-06 13:24:54,885 DEBUG    urllib3.connectionpool Starting new HTTPS connection (1): dl.google.com:443
2023-10-06 13:24:54,972 DEBUG    urllib3.connectionpool https://dl.google.com:443 "GET /dl/cloudsdk/channels/rapid/components-2.json HTTP/1.1" 200 209942
2023-10-06 13:24:54,994 INFO     ___FILE_ONLY___ 

2023-10-06 13:24:54,995 INFO     ___FILE_ONLY___ 
Your current Google Cloud CLI version is: 449.0.0

2023-10-06 13:24:54,995 INFO     ___FILE_ONLY___ Installing components from version: 449.0.0

2023-10-06 13:24:54,995 INFO     ___FILE_ONLY___ 

2023-10-06 13:24:54,995 DEBUG    root            Chosen display Format:table[box,title="These components will be removed."](details.display_name:label=Name:align=left,version.version_string:label=Version:align=right,data.size.size(zero="",min=1048576):label=Size:align=right)
2023-10-06 13:24:54,996 DEBUG    root            Chosen display Format:table[box,title="These components will be updated."](details.display_name:label=Name:align=left,version.version_string:label=Version:align=right,data.size.size(zero="",min=1048576):label=Size:align=right)
2023-10-06 13:24:54,997 DEBUG    root            Chosen display Format:table[box,title="These components will be installed."](details.display_name:label=Name:align=left,version.version_string:label=Version:align=right,data.size.size(zero="",min=1048576):label=Size:align=right)
2023-10-06 13:24:55,005 INFO     ___FILE_ONLY___ ┌─────────────────────────────────────────────────────────────────────────────┐
2023-10-06 13:24:55,005 INFO     ___FILE_ONLY___ 

2023-10-06 13:24:55,005 INFO     ___FILE_ONLY___ │                     These components will be installed.                     │
2023-10-06 13:24:55,005 INFO     ___FILE_ONLY___ 

2023-10-06 13:24:55,005 INFO     ___FILE_ONLY___ ├─────────────────────────────────────────────────────┬────────────┬──────────┤
2023-10-06 13:24:55,005 INFO     ___FILE_ONLY___ 

2023-10-06 13:24:55,006 INFO     ___FILE_ONLY___ │                         Name                        │  Version   │   Size   │
2023-10-06 13:24:55,006 INFO     ___FILE_ONLY___ 

2023-10-06 13:24:55,006 INFO     ___FILE_ONLY___ ├─────────────────────────────────────────────────────┼────────────┼──────────┤
2023-10-06 13:24:55,006 INFO     ___FILE_ONLY___ 

2023-10-06 13:24:55,006 INFO     ___FILE_ONLY___ │ 
2023-10-06 13:24:55,006 INFO     ___FILE_ONLY___ BigQuery Command Line Tool                         
2023-10-06 13:24:55,006 INFO     ___FILE_ONLY___  
2023-10-06 13:24:55,006 INFO     ___FILE_ONLY___ │ 
2023-10-06 13:24:55,006 INFO     ___FILE_ONLY___     2.0.98
2023-10-06 13:24:55,006 INFO     ___FILE_ONLY___  
2023-10-06 13:24:55,006 INFO     ___FILE_ONLY___ │ 
2023-10-06 13:24:55,006 INFO     ___FILE_ONLY___  1.6 MiB
2023-10-06 13:24:55,006 INFO     ___FILE_ONLY___  
2023-10-06 13:24:55,007 INFO     ___FILE_ONLY___ │
2023-10-06 13:24:55,007 INFO     ___FILE_ONLY___ 

2023-10-06 13:24:55,007 INFO     ___FILE_ONLY___ │ 
2023-10-06 13:24:55,007 INFO     ___FILE_ONLY___ BigQuery Command Line Tool (Platform Specific)     
2023-10-06 13:24:55,007 INFO     ___FILE_ONLY___  
2023-10-06 13:24:55,007 INFO     ___FILE_ONLY___ │ 
2023-10-06 13:24:55,007 INFO     ___FILE_ONLY___     2.0.98
2023-10-06 13:24:55,007 INFO     ___FILE_ONLY___  
2023-10-06 13:24:55,007 INFO     ___FILE_ONLY___ │ 
2023-10-06 13:24:55,007 INFO     ___FILE_ONLY___  < 1 MiB
2023-10-06 13:24:55,007 INFO     ___FILE_ONLY___  
2023-10-06 13:24:55,007 INFO     ___FILE_ONLY___ │
2023-10-06 13:24:55,007 INFO     ___FILE_ONLY___ 

2023-10-06 13:24:55,007 INFO     ___FILE_ONLY___ │ 
2023-10-06 13:24:55,008 INFO     ___FILE_ONLY___ Bundled Python 3.9                                 
2023-10-06 13:24:55,008 INFO     ___FILE_ONLY___  
2023-10-06 13:24:55,008 INFO     ___FILE_ONLY___ │ 
2023-10-06 13:24:55,008 INFO     ___FILE_ONLY___     3.9.16
2023-10-06 13:24:55,008 INFO     ___FILE_ONLY___  
2023-10-06 13:24:55,008 INFO     ___FILE_ONLY___ │ 
2023-10-06 13:24:55,008 INFO     ___FILE_ONLY___ 63.6 MiB
2023-10-06 13:24:55,008 INFO     ___FILE_ONLY___  
2023-10-06 13:24:55,008 INFO     ___FILE_ONLY___ │
2023-10-06 13:24:55,008 INFO     ___FILE_ONLY___ 

2023-10-06 13:24:55,008 INFO     ___FILE_ONLY___ │ 
2023-10-06 13:24:55,008 INFO     ___FILE_ONLY___ Cloud Storage Command Line Tool                    
2023-10-06 13:24:55,008 INFO     ___FILE_ONLY___  
2023-10-06 13:24:55,008 INFO     ___FILE_ONLY___ │ 
2023-10-06 13:24:55,009 INFO     ___FILE_ONLY___       5.26
2023-10-06 13:24:55,009 INFO     ___FILE_ONLY___  
2023-10-06 13:24:55,009 INFO     ___FILE_ONLY___ │ 
2023-10-06 13:24:55,009 INFO     ___FILE_ONLY___ 11.3 MiB
2023-10-06 13:24:55,009 INFO     ___FILE_ONLY___  
2023-10-06 13:24:55,009 INFO     ___FILE_ONLY___ │
2023-10-06 13:24:55,009 INFO     ___FILE_ONLY___ 

2023-10-06 13:24:55,009 INFO     ___FILE_ONLY___ │ 
2023-10-06 13:24:55,009 INFO     ___FILE_ONLY___ Cloud Storage Command Line Tool (Platform Specific)
2023-10-06 13:24:55,009 INFO     ___FILE_ONLY___  
2023-10-06 13:24:55,009 INFO     ___FILE_ONLY___ │ 
2023-10-06 13:24:55,009 INFO     ___FILE_ONLY___       5.25
2023-10-06 13:24:55,009 INFO     ___FILE_ONLY___  
2023-10-06 13:24:55,009 INFO     ___FILE_ONLY___ │ 
2023-10-06 13:24:55,009 INFO     ___FILE_ONLY___  < 1 MiB
2023-10-06 13:24:55,010 INFO     ___FILE_ONLY___  
2023-10-06 13:24:55,010 INFO     ___FILE_ONLY___ │
2023-10-06 13:24:55,010 INFO     ___FILE_ONLY___ 

2023-10-06 13:24:55,010 INFO     ___FILE_ONLY___ │ 
2023-10-06 13:24:55,010 INFO     ___FILE_ONLY___ Google Cloud CLI Core Libraries (Platform Specific)
2023-10-06 13:24:55,010 INFO     ___FILE_ONLY___  
2023-10-06 13:24:55,010 INFO     ___FILE_ONLY___ │ 
2023-10-06 13:24:55,010 INFO     ___FILE_ONLY___ 2023.09.15
2023-10-06 13:24:55,010 INFO     ___FILE_ONLY___  
2023-10-06 13:24:55,010 INFO     ___FILE_ONLY___ │ 
2023-10-06 13:24:55,010 INFO     ___FILE_ONLY___  < 1 MiB
2023-10-06 13:24:55,010 INFO     ___FILE_ONLY___  
2023-10-06 13:24:55,010 INFO     ___FILE_ONLY___ │
2023-10-06 13:24:55,010 INFO     ___FILE_ONLY___ 

2023-10-06 13:24:55,011 INFO     ___FILE_ONLY___ │ 
2023-10-06 13:24:55,011 INFO     ___FILE_ONLY___ Google Cloud CRC32C Hash Tool                      
2023-10-06 13:24:55,011 INFO     ___FILE_ONLY___  
2023-10-06 13:24:55,011 INFO     ___FILE_ONLY___ │ 
2023-10-06 13:24:55,011 INFO     ___FILE_ONLY___      1.0.0
2023-10-06 13:24:55,011 INFO     ___FILE_ONLY___  
2023-10-06 13:24:55,011 INFO     ___FILE_ONLY___ │ 
2023-10-06 13:24:55,011 INFO     ___FILE_ONLY___  1.2 MiB
2023-10-06 13:24:55,011 INFO     ___FILE_ONLY___  
2023-10-06 13:24:55,011 INFO     ___FILE_ONLY___ │
2023-10-06 13:24:55,011 INFO     ___FILE_ONLY___ 

2023-10-06 13:24:55,011 INFO     ___FILE_ONLY___ │ 
2023-10-06 13:24:55,011 INFO     ___FILE_ONLY___ anthoscli                                          
2023-10-06 13:24:55,012 INFO     ___FILE_ONLY___  
2023-10-06 13:24:55,012 INFO     ___FILE_ONLY___ │ 
2023-10-06 13:24:55,012 INFO     ___FILE_ONLY___     0.2.40
2023-10-06 13:24:55,012 INFO     ___FILE_ONLY___  
2023-10-06 13:24:55,012 INFO     ___FILE_ONLY___ │ 
2023-10-06 13:24:55,012 INFO     ___FILE_ONLY___ 68.7 MiB
2023-10-06 13:24:55,012 INFO     ___FILE_ONLY___  
2023-10-06 13:24:55,012 INFO     ___FILE_ONLY___ │
2023-10-06 13:24:55,012 INFO     ___FILE_ONLY___ 

2023-10-06 13:24:55,012 INFO     ___FILE_ONLY___ │ 
2023-10-06 13:24:55,012 INFO     ___FILE_ONLY___ gcloud cli dependencies                            
2023-10-06 13:24:55,012 INFO     ___FILE_ONLY___  
2023-10-06 13:24:55,012 INFO     ___FILE_ONLY___ │ 
2023-10-06 13:24:55,012 INFO     ___FILE_ONLY___ 2021.04.16
2023-10-06 13:24:55,013 INFO     ___FILE_ONLY___  
2023-10-06 13:24:55,013 INFO     ___FILE_ONLY___ │ 
2023-10-06 13:24:55,013 INFO     ___FILE_ONLY___  < 1 MiB
2023-10-06 13:24:55,013 INFO     ___FILE_ONLY___  
2023-10-06 13:24:55,013 INFO     ___FILE_ONLY___ │
2023-10-06 13:24:55,013 INFO     ___FILE_ONLY___ 

2023-10-06 13:24:55,013 INFO     ___FILE_ONLY___ └─────────────────────────────────────────────────────┴────────────┴──────────┘
2023-10-06 13:24:55,013 INFO     ___FILE_ONLY___ 

2023-10-06 13:24:55,013 INFO     ___FILE_ONLY___ 

2023-10-06 13:24:55,017 DEBUG    urllib3.connectionpool Starting new HTTPS connection (1): dl.google.com:443
2023-10-06 13:24:55,111 DEBUG    urllib3.connectionpool https://dl.google.com:443 "GET /dl/cloudsdk/channels/rapid/RELEASE_NOTES HTTP/1.1" 200 1085080
2023-10-06 13:24:55,182 INFO     ___FILE_ONLY___ For the latest full release notes, please visit:
  https://cloud.google.com/sdk/release_notes


2023-10-06 13:24:55,184 INFO     ___FILE_ONLY___ ╔════════════════════════════════════════════════════════════╗

2023-10-06 13:24:55,184 INFO     ___FILE_ONLY___ ╠═ Creating update staging area                             ═╣

2023-10-06 13:24:55,184 INFO     ___FILE_ONLY___ ╚
2023-10-06 13:24:55,185 INFO     ___FILE_ONLY___ ══════
2023-10-06 13:24:55,185 INFO     ___FILE_ONLY___ ══════
2023-10-06 13:24:55,185 INFO     ___FILE_ONLY___ ══════
2023-10-06 13:24:55,509 INFO     ___FILE_ONLY___ ═
2023-10-06 13:24:55,576 INFO     ___FILE_ONLY___ ═
2023-10-06 13:24:55,644 INFO     ___FILE_ONLY___ ═
2023-10-06 13:24:55,705 INFO     ___FILE_ONLY___ ═
2023-10-06 13:24:55,769 INFO     ___FILE_ONLY___ ═
2023-10-06 13:24:55,836 INFO     ___FILE_ONLY___ ═
2023-10-06 13:24:55,895 INFO     ___FILE_ONLY___ ═
2023-10-06 13:24:55,945 INFO     ___FILE_ONLY___ ═
2023-10-06 13:24:56,005 INFO     ___FILE_ONLY___ ═
2023-10-06 13:24:56,058 INFO     ___FILE_ONLY___ ═
2023-10-06 13:24:56,121 INFO     ___FILE_ONLY___ ═
2023-10-06 13:24:56,185 INFO     ___FILE_ONLY___ ═
2023-10-06 13:24:56,246 INFO     ___FILE_ONLY___ ═
2023-10-06 13:24:56,310 INFO     ___FILE_ONLY___ ═
2023-10-06 13:24:56,365 INFO     ___FILE_ONLY___ ═
2023-10-06 13:24:56,435 INFO     ___FILE_ONLY___ ═
2023-10-06 13:24:56,608 INFO     ___FILE_ONLY___ ═
2023-10-06 13:24:56,656 INFO     ___FILE_ONLY___ ═
2023-10-06 13:24:56,708 INFO     ___FILE_ONLY___ ═
2023-10-06 13:24:56,757 INFO     ___FILE_ONLY___ ═
2023-10-06 13:24:56,811 INFO     ___FILE_ONLY___ ═
2023-10-06 13:24:56,860 INFO     ___FILE_ONLY___ ═
2023-10-06 13:24:56,907 INFO     ___FILE_ONLY___ ═
2023-10-06 13:24:56,957 INFO     ___FILE_ONLY___ ═
2023-10-06 13:24:57,011 INFO     ___FILE_ONLY___ ═
2023-10-06 13:24:57,072 INFO     ___FILE_ONLY___ ═
2023-10-06 13:24:57,118 INFO     ___FILE_ONLY___ ═
2023-10-06 13:24:57,162 INFO     ___FILE_ONLY___ ═
2023-10-06 13:24:57,221 INFO     ___FILE_ONLY___ ═
2023-10-06 13:24:57,288 INFO     ___FILE_ONLY___ ═
2023-10-06 13:24:57,346 INFO     ___FILE_ONLY___ ═
2023-10-06 13:24:57,394 INFO     ___FILE_ONLY___ ═
2023-10-06 13:24:57,462 INFO     ___FILE_ONLY___ ═
2023-10-06 13:24:57,676 INFO     ___FILE_ONLY___ ═
2023-10-06 13:24:57,708 INFO     ___FILE_ONLY___ ═
2023-10-06 13:24:57,737 INFO     ___FILE_ONLY___ ═
2023-10-06 13:24:57,775 INFO     ___FILE_ONLY___ ═
2023-10-06 13:24:57,812 INFO     ___FILE_ONLY___ ═
2023-10-06 13:24:57,847 INFO     ___FILE_ONLY___ ═
2023-10-06 13:24:57,896 INFO     ___FILE_ONLY___ ═
2023-10-06 13:24:58,022 INFO     ___FILE_ONLY___ ═
2023-10-06 13:24:58,075 INFO     ___FILE_ONLY___ ═
2023-10-06 13:24:58,075 INFO     ___FILE_ONLY___ ╝

2023-10-06 13:24:58,217 INFO     ___FILE_ONLY___ ╔════════════════════════════════════════════════════════════╗

2023-10-06 13:24:58,217 INFO     ___FILE_ONLY___ ╠═ Installing: BigQuery Command Line Tool                   ═╣

2023-10-06 13:24:58,217 INFO     ___FILE_ONLY___ ╚
2023-10-06 13:24:58,222 DEBUG    urllib3.connectionpool Starting new HTTPS connection (1): dl.google.com:443
2023-10-06 13:24:58,315 DEBUG    urllib3.connectionpool https://dl.google.com:443 "GET /dl/cloudsdk/channels/rapid/components/google-cloud-sdk-bq-20230913232318.tar.gz HTTP/1.1" 200 1659622
2023-10-06 13:24:58,328 INFO     ___FILE_ONLY___ ═
2023-10-06 13:24:58,329 INFO     ___FILE_ONLY___ ═
2023-10-06 13:24:58,329 INFO     ___FILE_ONLY___ ═
2023-10-06 13:24:58,329 INFO     ___FILE_ONLY___ ═
2023-10-06 13:24:58,329 INFO     ___FILE_ONLY___ ═
2023-10-06 13:24:58,330 INFO     ___FILE_ONLY___ ═
2023-10-06 13:24:58,330 INFO     ___FILE_ONLY___ ═
2023-10-06 13:24:58,330 INFO     ___FILE_ONLY___ ═
2023-10-06 13:24:58,330 INFO     ___FILE_ONLY___ ═
2023-10-06 13:24:58,330 INFO     ___FILE_ONLY___ ═
2023-10-06 13:24:58,331 INFO     ___FILE_ONLY___ ═
2023-10-06 13:24:58,331 INFO     ___FILE_ONLY___ ═
2023-10-06 13:24:58,331 INFO     ___FILE_ONLY___ ═
2023-10-06 13:24:58,331 INFO     ___FILE_ONLY___ ═
2023-10-06 13:24:58,332 INFO     ___FILE_ONLY___ ═
2023-10-06 13:24:58,332 INFO     ___FILE_ONLY___ ═
2023-10-06 13:24:58,332 INFO     ___FILE_ONLY___ ═
2023-10-06 13:24:58,332 INFO     ___FILE_ONLY___ ═
2023-10-06 13:24:58,332 INFO     ___FILE_ONLY___ ═
2023-10-06 13:24:58,333 INFO     ___FILE_ONLY___ ═
2023-10-06 13:24:58,333 INFO     ___FILE_ONLY___ ═
2023-10-06 13:24:58,333 INFO     ___FILE_ONLY___ ═
2023-10-06 13:24:58,333 INFO     ___FILE_ONLY___ ═
2023-10-06 13:24:58,333 INFO     ___FILE_ONLY___ ═
2023-10-06 13:24:58,334 INFO     ___FILE_ONLY___ ═
2023-10-06 13:24:58,334 INFO     ___FILE_ONLY___ ═
2023-10-06 13:24:58,334 INFO     ___FILE_ONLY___ ═
2023-10-06 13:24:58,335 INFO     ___FILE_ONLY___ ═
2023-10-06 13:24:58,335 INFO     ___FILE_ONLY___ ═
2023-10-06 13:24:58,335 INFO     ___FILE_ONLY___ ═
2023-10-06 13:24:58,466 INFO     ___FILE_ONLY___ ═
2023-10-06 13:24:58,471 INFO     ___FILE_ONLY___ ═
2023-10-06 13:24:58,475 INFO     ___FILE_ONLY___ ═
2023-10-06 13:24:58,480 INFO     ___FILE_ONLY___ ═
2023-10-06 13:24:58,484 INFO     ___FILE_ONLY___ ═
2023-10-06 13:24:58,488 INFO     ___FILE_ONLY___ ═
2023-10-06 13:24:58,493 INFO     ___FILE_ONLY___ ═
2023-10-06 13:24:58,498 INFO     ___FILE_ONLY___ ═
2023-10-06 13:24:58,502 INFO     ___FILE_ONLY___ ═
2023-10-06 13:24:58,505 INFO     ___FILE_ONLY___ ═
2023-10-06 13:24:58,510 INFO     ___FILE_ONLY___ ═
2023-10-06 13:24:58,513 INFO     ___FILE_ONLY___ ═
2023-10-06 13:24:58,519 INFO     ___FILE_ONLY___ ═
2023-10-06 13:24:58,523 INFO     ___FILE_ONLY___ ═
2023-10-06 13:24:58,527 INFO     ___FILE_ONLY___ ═
2023-10-06 13:24:58,531 INFO     ___FILE_ONLY___ ═
2023-10-06 13:24:58,536 INFO     ___FILE_ONLY___ ═
2023-10-06 13:24:58,540 INFO     ___FILE_ONLY___ ═
2023-10-06 13:24:58,546 INFO     ___FILE_ONLY___ ═
2023-10-06 13:24:58,550 INFO     ___FILE_ONLY___ ═
2023-10-06 13:24:58,554 INFO     ___FILE_ONLY___ ═
2023-10-06 13:24:58,561 INFO     ___FILE_ONLY___ ═
2023-10-06 13:24:58,568 INFO     ___FILE_ONLY___ ═
2023-10-06 13:24:58,572 INFO     ___FILE_ONLY___ ═
2023-10-06 13:24:58,576 INFO     ___FILE_ONLY___ ═
2023-10-06 13:24:58,580 INFO     ___FILE_ONLY___ ═
2023-10-06 13:24:58,584 INFO     ___FILE_ONLY___ ═
2023-10-06 13:24:58,589 INFO     ___FILE_ONLY___ ═
2023-10-06 13:24:58,593 INFO     ___FILE_ONLY___ ═
2023-10-06 13:24:58,596 INFO     ___FILE_ONLY___ ═
2023-10-06 13:24:58,596 INFO     ___FILE_ONLY___ ╝

2023-10-06 13:24:58,614 INFO     ___FILE_ONLY___ ╔════════════════════════════════════════════════════════════╗

2023-10-06 13:24:58,614 INFO     ___FILE_ONLY___ ╠═ Installing: BigQuery Command Line Tool (Platform Spec... ═╣

2023-10-06 13:24:58,614 INFO     ___FILE_ONLY___ ╚
2023-10-06 13:24:58,618 DEBUG    urllib3.connectionpool Starting new HTTPS connection (1): dl.google.com:443
2023-10-06 13:24:58,706 DEBUG    urllib3.connectionpool https://dl.google.com:443 "GET /dl/cloudsdk/channels/rapid/components/google-cloud-sdk-bq-nix-20230915145114.tar.gz HTTP/1.1" 200 1943
2023-10-06 13:24:58,707 INFO     ___FILE_ONLY___ ══════════════════════════════
2023-10-06 13:24:58,708 INFO     ___FILE_ONLY___ ══════════════════════════════
2023-10-06 13:24:58,708 INFO     ___FILE_ONLY___ ╝

2023-10-06 13:24:58,718 INFO     ___FILE_ONLY___ ╔════════════════════════════════════════════════════════════╗

2023-10-06 13:24:58,718 INFO     ___FILE_ONLY___ ╠═ Installing: Bundled Python 3.9                           ═╣

2023-10-06 13:24:58,718 INFO     ___FILE_ONLY___ ╚
2023-10-06 13:24:58,722 DEBUG    urllib3.connectionpool Starting new HTTPS connection (1): dl.google.com:443
2023-10-06 13:24:58,808 DEBUG    urllib3.connectionpool https://dl.google.com:443 "GET /dl/cloudsdk/channels/rapid/components/google-cloud-sdk-bundled-python3-unix-linux-x86_64-20230707144938.tar.gz HTTP/1.1" 200 66719069
2023-10-06 13:24:59,080 INFO     ___FILE_ONLY___ ═
2023-10-06 13:24:59,084 INFO     ___FILE_ONLY___ ═
2023-10-06 13:24:59,086 INFO     ___FILE_ONLY___ ═
2023-10-06 13:24:59,089 INFO     ___FILE_ONLY___ ═
2023-10-06 13:24:59,092 INFO     ___FILE_ONLY___ ═
2023-10-06 13:24:59,095 INFO     ___FILE_ONLY___ ═
2023-10-06 13:24:59,098 INFO     ___FILE_ONLY___ ═
2023-10-06 13:24:59,101 INFO     ___FILE_ONLY___ ═
2023-10-06 13:24:59,104 INFO     ___FILE_ONLY___ ═
2023-10-06 13:24:59,107 INFO     ___FILE_ONLY___ ═
2023-10-06 13:24:59,110 INFO     ___FILE_ONLY___ ═
2023-10-06 13:24:59,112 INFO     ___FILE_ONLY___ ═
2023-10-06 13:24:59,115 INFO     ___FILE_ONLY___ ═
2023-10-06 13:24:59,118 INFO     ___FILE_ONLY___ ═
2023-10-06 13:24:59,121 INFO     ___FILE_ONLY___ ═
2023-10-06 13:24:59,124 INFO     ___FILE_ONLY___ ═
2023-10-06 13:24:59,127 INFO     ___FILE_ONLY___ ═
2023-10-06 13:24:59,130 INFO     ___FILE_ONLY___ ═
2023-10-06 13:24:59,133 INFO     ___FILE_ONLY___ ═
2023-10-06 13:24:59,136 INFO     ___FILE_ONLY___ ═
2023-10-06 13:24:59,139 INFO     ___FILE_ONLY___ ═
2023-10-06 13:24:59,141 INFO     ___FILE_ONLY___ ═
2023-10-06 13:24:59,144 INFO     ___FILE_ONLY___ ═
2023-10-06 13:24:59,147 INFO     ___FILE_ONLY___ ═
2023-10-06 13:24:59,150 INFO     ___FILE_ONLY___ ═
2023-10-06 13:24:59,153 INFO     ___FILE_ONLY___ ═
2023-10-06 13:24:59,156 INFO     ___FILE_ONLY___ ═
2023-10-06 13:24:59,159 INFO     ___FILE_ONLY___ ═
2023-10-06 13:24:59,162 INFO     ___FILE_ONLY___ ═
2023-10-06 13:24:59,165 INFO     ___FILE_ONLY___ ═
2023-10-06 13:25:01,186 INFO     ___FILE_ONLY___ ═
2023-10-06 13:25:01,200 INFO     ___FILE_ONLY___ ═
2023-10-06 13:25:01,216 INFO     ___FILE_ONLY___ ═
2023-10-06 13:25:01,231 INFO     ___FILE_ONLY___ ═
2023-10-06 13:25:01,245 INFO     ___FILE_ONLY___ ═
2023-10-06 13:25:01,264 INFO     ___FILE_ONLY___ ═
2023-10-06 13:25:01,283 INFO     ___FILE_ONLY___ ═
2023-10-06 13:25:01,304 INFO     ___FILE_ONLY___ ═
2023-10-06 13:25:01,323 INFO     ___FILE_ONLY___ ═
2023-10-06 13:25:01,336 INFO     ___FILE_ONLY___ ═
2023-10-06 13:25:01,357 INFO     ___FILE_ONLY___ ═
2023-10-06 13:25:01,378 INFO     ___FILE_ONLY___ ═
2023-10-06 13:25:01,394 INFO     ___FILE_ONLY___ ═
2023-10-06 13:25:01,523 INFO     ___FILE_ONLY___ ═
2023-10-06 13:25:01,538 INFO     ___FILE_ONLY___ ═
2023-10-06 13:25:01,639 INFO     ___FILE_ONLY___ ═
2023-10-06 13:25:01,663 INFO     ___FILE_ONLY___ ═
2023-10-06 13:25:01,685 INFO     ___FILE_ONLY___ ═
2023-10-06 13:25:01,705 INFO     ___FILE_ONLY___ ═
2023-10-06 13:25:01,744 INFO     ___FILE_ONLY___ ═
2023-10-06 13:25:01,760 INFO     ___FILE_ONLY___ ═
2023-10-06 13:25:01,774 INFO     ___FILE_ONLY___ ═
2023-10-06 13:25:01,791 INFO     ___FILE_ONLY___ ═
2023-10-06 13:25:01,810 INFO     ___FILE_ONLY___ ═
2023-10-06 13:25:01,830 INFO     ___FILE_ONLY___ ═
2023-10-06 13:25:01,850 INFO     ___FILE_ONLY___ ═
2023-10-06 13:25:02,508 INFO     ___FILE_ONLY___ ═
2023-10-06 13:25:02,815 INFO     ___FILE_ONLY___ ═
2023-10-06 13:25:02,828 INFO     ___FILE_ONLY___ ═
2023-10-06 13:25:02,841 INFO     ___FILE_ONLY___ ═
2023-10-06 13:25:02,841 INFO     ___FILE_ONLY___ ╝

2023-10-06 13:25:02,905 INFO     ___FILE_ONLY___ ╔════════════════════════════════════════════════════════════╗

2023-10-06 13:25:02,905 INFO     ___FILE_ONLY___ ╠═ Installing: Bundled Python 3.9                           ═╣

2023-10-06 13:25:02,905 INFO     ___FILE_ONLY___ ╚
2023-10-06 13:25:02,911 INFO     ___FILE_ONLY___ ════════════════════════════════════════════════════════════
2023-10-06 13:25:02,911 INFO     ___FILE_ONLY___ ╝

2023-10-06 13:25:02,913 INFO     ___FILE_ONLY___ ╔════════════════════════════════════════════════════════════╗

2023-10-06 13:25:02,913 INFO     ___FILE_ONLY___ ╠═ Installing: Cloud Storage Command Line Tool              ═╣

2023-10-06 13:25:02,913 INFO     ___FILE_ONLY___ ╚
2023-10-06 13:25:02,917 DEBUG    urllib3.connectionpool Starting new HTTPS connection (1): dl.google.com:443
2023-10-06 13:25:03,011 DEBUG    urllib3.connectionpool https://dl.google.com:443 "GET /dl/cloudsdk/channels/rapid/components/google-cloud-sdk-gsutil-20231002150006.tar.gz HTTP/1.1" 200 11838390
2023-10-06 13:25:03,130 INFO     ___FILE_ONLY___ ═
2023-10-06 13:25:03,131 INFO     ___FILE_ONLY___ ═
2023-10-06 13:25:03,132 INFO     ___FILE_ONLY___ ═
2023-10-06 13:25:03,132 INFO     ___FILE_ONLY___ ═
2023-10-06 13:25:03,133 INFO     ___FILE_ONLY___ ═
2023-10-06 13:25:03,133 INFO     ___FILE_ONLY___ ═
2023-10-06 13:25:03,134 INFO     ___FILE_ONLY___ ═
2023-10-06 13:25:03,135 INFO     ___FILE_ONLY___ ═
2023-10-06 13:25:03,135 INFO     ___FILE_ONLY___ ═
2023-10-06 13:25:03,136 INFO     ___FILE_ONLY___ ═
2023-10-06 13:25:03,136 INFO     ___FILE_ONLY___ ═
2023-10-06 13:25:03,137 INFO     ___FILE_ONLY___ ═
2023-10-06 13:25:03,138 INFO     ___FILE_ONLY___ ═
2023-10-06 13:25:03,138 INFO     ___FILE_ONLY___ ═
2023-10-06 13:25:03,139 INFO     ___FILE_ONLY___ ═
2023-10-06 13:25:03,139 INFO     ___FILE_ONLY___ ═
2023-10-06 13:25:03,140 INFO     ___FILE_ONLY___ ═
2023-10-06 13:25:03,141 INFO     ___FILE_ONLY___ ═
2023-10-06 13:25:03,141 INFO     ___FILE_ONLY___ ═
2023-10-06 13:25:03,142 INFO     ___FILE_ONLY___ ═
2023-10-06 13:25:03,142 INFO     ___FILE_ONLY___ ═
2023-10-06 13:25:03,143 INFO     ___FILE_ONLY___ ═
2023-10-06 13:25:03,143 INFO     ___FILE_ONLY___ ═
2023-10-06 13:25:03,144 INFO     ___FILE_ONLY___ ═
2023-10-06 13:25:03,145 INFO     ___FILE_ONLY___ ═
2023-10-06 13:25:03,145 INFO     ___FILE_ONLY___ ═
2023-10-06 13:25:03,146 INFO     ___FILE_ONLY___ ═
2023-10-06 13:25:03,146 INFO     ___FILE_ONLY___ ═
2023-10-06 13:25:03,147 INFO     ___FILE_ONLY___ ═
2023-10-06 13:25:03,148 INFO     ___FILE_ONLY___ ═
2023-10-06 13:25:03,938 INFO     ___FILE_ONLY___ ═
2023-10-06 13:25:03,969 INFO     ___FILE_ONLY___ ═
2023-10-06 13:25:03,997 INFO     ___FILE_ONLY___ ═
2023-10-06 13:25:04,027 INFO     ___FILE_ONLY___ ═
2023-10-06 13:25:04,048 INFO     ___FILE_ONLY___ ═
2023-10-06 13:25:04,070 INFO     ___FILE_ONLY___ ═
2023-10-06 13:25:04,093 INFO     ___FILE_ONLY___ ═
2023-10-06 13:25:04,118 INFO     ___FILE_ONLY___ ═
2023-10-06 13:25:04,145 INFO     ___FILE_ONLY___ ═
2023-10-06 13:25:04,186 INFO     ___FILE_ONLY___ ═
2023-10-06 13:25:04,219 INFO     ___FILE_ONLY___ ═
2023-10-06 13:25:04,246 INFO     ___FILE_ONLY___ ═
2023-10-06 13:25:04,289 INFO     ___FILE_ONLY___ ═
2023-10-06 13:25:04,325 INFO     ___FILE_ONLY___ ═
2023-10-06 13:25:04,358 INFO     ___FILE_ONLY___ ═
2023-10-06 13:25:04,384 INFO     ___FILE_ONLY___ ═
2023-10-06 13:25:04,405 INFO     ___FILE_ONLY___ ═
2023-10-06 13:25:04,429 INFO     ___FILE_ONLY___ ═
2023-10-06 13:25:04,456 INFO     ___FILE_ONLY___ ═
2023-10-06 13:25:04,485 INFO     ___FILE_ONLY___ ═
2023-10-06 13:25:04,518 INFO     ___FILE_ONLY___ ═
2023-10-06 13:25:04,546 INFO     ___FILE_ONLY___ ═
2023-10-06 13:25:04,573 INFO     ___FILE_ONLY___ ═
2023-10-06 13:25:04,625 INFO     ___FILE_ONLY___ ═
2023-10-06 13:25:04,654 INFO     ___FILE_ONLY___ ═
2023-10-06 13:25:04,682 INFO     ___FILE_ONLY___ ═
2023-10-06 13:25:04,703 INFO     ___FILE_ONLY___ ═
2023-10-06 13:25:04,726 INFO     ___FILE_ONLY___ ═
2023-10-06 13:25:04,751 INFO     ___FILE_ONLY___ ═
2023-10-06 13:25:04,775 INFO     ___FILE_ONLY___ ═
2023-10-06 13:25:04,775 INFO     ___FILE_ONLY___ ╝

2023-10-06 13:25:04,856 INFO     ___FILE_ONLY___ ╔════════════════════════════════════════════════════════════╗

2023-10-06 13:25:04,856 INFO     ___FILE_ONLY___ ╠═ Installing: Cloud Storage Command Line Tool (Platform... ═╣

2023-10-06 13:25:04,856 INFO     ___FILE_ONLY___ ╚
2023-10-06 13:25:04,860 DEBUG    urllib3.connectionpool Starting new HTTPS connection (1): dl.google.com:443
2023-10-06 13:25:04,950 DEBUG    urllib3.connectionpool https://dl.google.com:443 "GET /dl/cloudsdk/channels/rapid/components/google-cloud-sdk-gsutil-nix-20230915145114.tar.gz HTTP/1.1" 200 1955
2023-10-06 13:25:04,951 INFO     ___FILE_ONLY___ ══════════════════════════════
2023-10-06 13:25:04,952 INFO     ___FILE_ONLY___ ══════════════════════════════
2023-10-06 13:25:04,952 INFO     ___FILE_ONLY___ ╝

2023-10-06 13:25:05,001 INFO     ___FILE_ONLY___ ╔════════════════════════════════════════════════════════════╗

2023-10-06 13:25:05,001 INFO     ___FILE_ONLY___ ╠═ Installing: Default set of gcloud commands               ═╣

2023-10-06 13:25:05,001 INFO     ___FILE_ONLY___ ╚
2023-10-06 13:25:05,006 INFO     ___FILE_ONLY___ ════════════════════════════════════════════════════════════
2023-10-06 13:25:05,007 INFO     ___FILE_ONLY___ ╝

2023-10-06 13:25:05,009 INFO     ___FILE_ONLY___ ╔════════════════════════════════════════════════════════════╗

2023-10-06 13:25:05,009 INFO     ___FILE_ONLY___ ╠═ Installing: Google Cloud CLI Core Libraries (Platform... ═╣

2023-10-06 13:25:05,009 INFO     ___FILE_ONLY___ ╚
2023-10-06 13:25:05,013 DEBUG    urllib3.connectionpool Starting new HTTPS connection (1): dl.google.com:443
2023-10-06 13:25:05,101 DEBUG    urllib3.connectionpool https://dl.google.com:443 "GET /dl/cloudsdk/channels/rapid/components/google-cloud-sdk-core-nix-20230915145114.tar.gz HTTP/1.1" 200 2319
2023-10-06 13:25:05,102 INFO     ___FILE_ONLY___ ══════════════════════════════
2023-10-06 13:25:05,104 INFO     ___FILE_ONLY___ ═══════════════
2023-10-06 13:25:05,104 INFO     ___FILE_ONLY___ ═══════════════
2023-10-06 13:25:05,104 INFO     ___FILE_ONLY___ ╝

2023-10-06 13:25:05,114 INFO     ___FILE_ONLY___ ╔════════════════════════════════════════════════════════════╗

2023-10-06 13:25:05,114 INFO     ___FILE_ONLY___ ╠═ Installing: Google Cloud CRC32C Hash Tool                ═╣

2023-10-06 13:25:05,114 INFO     ___FILE_ONLY___ ╚
2023-10-06 13:25:05,118 DEBUG    urllib3.connectionpool Starting new HTTPS connection (1): dl.google.com:443
2023-10-06 13:25:05,217 DEBUG    urllib3.connectionpool https://dl.google.com:443 "GET /dl/cloudsdk/channels/rapid/components/google-cloud-sdk-gcloud-crc32c-linux-x86_64-20230922151743.tar.gz HTTP/1.1" 200 1288666
2023-10-06 13:25:05,228 INFO     ___FILE_ONLY___ ═
2023-10-06 13:25:05,229 INFO     ___FILE_ONLY___ ═
2023-10-06 13:25:05,229 INFO     ___FILE_ONLY___ ═
2023-10-06 13:25:05,229 INFO     ___FILE_ONLY___ ═
2023-10-06 13:25:05,229 INFO     ___FILE_ONLY___ ═
2023-10-06 13:25:05,229 INFO     ___FILE_ONLY___ ═
2023-10-06 13:25:05,229 INFO     ___FILE_ONLY___ ═
2023-10-06 13:25:05,229 INFO     ___FILE_ONLY___ ═
2023-10-06 13:25:05,230 INFO     ___FILE_ONLY___ ═
2023-10-06 13:25:05,230 INFO     ___FILE_ONLY___ ═
2023-10-06 13:25:05,230 INFO     ___FILE_ONLY___ ═
2023-10-06 13:25:05,230 INFO     ___FILE_ONLY___ ═
2023-10-06 13:25:05,230 INFO     ___FILE_ONLY___ ═
2023-10-06 13:25:05,230 INFO     ___FILE_ONLY___ ═
2023-10-06 13:25:05,230 INFO     ___FILE_ONLY___ ═
2023-10-06 13:25:05,231 INFO     ___FILE_ONLY___ ═
2023-10-06 13:25:05,231 INFO     ___FILE_ONLY___ ═
2023-10-06 13:25:05,231 INFO     ___FILE_ONLY___ ═
2023-10-06 13:25:05,231 INFO     ___FILE_ONLY___ ═
2023-10-06 13:25:05,231 INFO     ___FILE_ONLY___ ═
2023-10-06 13:25:05,231 INFO     ___FILE_ONLY___ ═
2023-10-06 13:25:05,231 INFO     ___FILE_ONLY___ ═
2023-10-06 13:25:05,232 INFO     ___FILE_ONLY___ ═
2023-10-06 13:25:05,232 INFO     ___FILE_ONLY___ ═
2023-10-06 13:25:05,232 INFO     ___FILE_ONLY___ ═
2023-10-06 13:25:05,232 INFO     ___FILE_ONLY___ ═
2023-10-06 13:25:05,232 INFO     ___FILE_ONLY___ ═
2023-10-06 13:25:05,232 INFO     ___FILE_ONLY___ ═
2023-10-06 13:25:05,232 INFO     ___FILE_ONLY___ ═
2023-10-06 13:25:05,233 INFO     ___FILE_ONLY___ ═
2023-10-06 13:25:05,268 INFO     ___FILE_ONLY___ ═══════════════
2023-10-06 13:25:05,269 INFO     ___FILE_ONLY___ ═══════════════
2023-10-06 13:25:05,269 INFO     ___FILE_ONLY___ ╝

2023-10-06 13:25:05,279 INFO     ___FILE_ONLY___ ╔════════════════════════════════════════════════════════════╗

2023-10-06 13:25:05,279 INFO     ___FILE_ONLY___ ╠═ Installing: Google Cloud CRC32C Hash Tool                ═╣

2023-10-06 13:25:05,279 INFO     ___FILE_ONLY___ ╚
2023-10-06 13:25:05,285 INFO     ___FILE_ONLY___ ════════════════════════════════════════════════════════════
2023-10-06 13:25:05,285 INFO     ___FILE_ONLY___ ╝

2023-10-06 13:25:05,287 INFO     ___FILE_ONLY___ ╔════════════════════════════════════════════════════════════╗

2023-10-06 13:25:05,287 INFO     ___FILE_ONLY___ ╠═ Installing: anthoscli                                    ═╣

2023-10-06 13:25:05,288 INFO     ___FILE_ONLY___ ╚
2023-10-06 13:25:05,292 DEBUG    urllib3.connectionpool Starting new HTTPS connection (1): dl.google.com:443
2023-10-06 13:25:05,382 DEBUG    urllib3.connectionpool https://dl.google.com:443 "GET /dl/cloudsdk/channels/rapid/components/google-cloud-sdk-anthoscli-linux-x86_64-20230915145114.tar.gz HTTP/1.1" 200 72006203
2023-10-06 13:25:05,903 INFO     ___FILE_ONLY___ ═
2023-10-06 13:25:05,906 INFO     ___FILE_ONLY___ ═
2023-10-06 13:25:05,910 INFO     ___FILE_ONLY___ ═
2023-10-06 13:25:05,913 INFO     ___FILE_ONLY___ ═
2023-10-06 13:25:05,916 INFO     ___FILE_ONLY___ ═
2023-10-06 13:25:05,919 INFO     ___FILE_ONLY___ ═
2023-10-06 13:25:05,923 INFO     ___FILE_ONLY___ ═
2023-10-06 13:25:05,926 INFO     ___FILE_ONLY___ ═
2023-10-06 13:25:05,929 INFO     ___FILE_ONLY___ ═
2023-10-06 13:25:05,932 INFO     ___FILE_ONLY___ ═
2023-10-06 13:25:05,935 INFO     ___FILE_ONLY___ ═
2023-10-06 13:25:05,939 INFO     ___FILE_ONLY___ ═
2023-10-06 13:25:05,942 INFO     ___FILE_ONLY___ ═
2023-10-06 13:25:05,945 INFO     ___FILE_ONLY___ ═
2023-10-06 13:25:05,948 INFO     ___FILE_ONLY___ ═
2023-10-06 13:25:05,951 INFO     ___FILE_ONLY___ ═
2023-10-06 13:25:05,955 INFO     ___FILE_ONLY___ ═
2023-10-06 13:25:05,958 INFO     ___FILE_ONLY___ ═
2023-10-06 13:25:05,961 INFO     ___FILE_ONLY___ ═
2023-10-06 13:25:05,964 INFO     ___FILE_ONLY___ ═
2023-10-06 13:25:05,967 INFO     ___FILE_ONLY___ ═
2023-10-06 13:25:05,970 INFO     ___FILE_ONLY___ ═
2023-10-06 13:25:05,974 INFO     ___FILE_ONLY___ ═
2023-10-06 13:25:05,977 INFO     ___FILE_ONLY___ ═
2023-10-06 13:25:05,980 INFO     ___FILE_ONLY___ ═
2023-10-06 13:25:05,983 INFO     ___FILE_ONLY___ ═
2023-10-06 13:25:05,987 INFO     ___FILE_ONLY___ ═
2023-10-06 13:25:05,990 INFO     ___FILE_ONLY___ ═
2023-10-06 13:25:05,993 INFO     ___FILE_ONLY___ ═
2023-10-06 13:25:05,997 INFO     ___FILE_ONLY___ ═
2023-10-06 13:25:08,330 INFO     ___FILE_ONLY___ ══════════
2023-10-06 13:25:08,336 INFO     ___FILE_ONLY___ ═════════
2023-10-06 13:25:08,364 INFO     ___FILE_ONLY___ ═══════════
2023-10-06 13:25:08,365 INFO     ___FILE_ONLY___ ╝

2023-10-06 13:25:08,389 INFO     ___FILE_ONLY___ ╔════════════════════════════════════════════════════════════╗

2023-10-06 13:25:08,389 INFO     ___FILE_ONLY___ ╠═ Installing: anthoscli                                    ═╣

2023-10-06 13:25:08,389 INFO     ___FILE_ONLY___ ╚
2023-10-06 13:25:08,395 INFO     ___FILE_ONLY___ ════════════════════════════════════════════════════════════
2023-10-06 13:25:08,395 INFO     ___FILE_ONLY___ ╝

2023-10-06 13:25:08,397 INFO     ___FILE_ONLY___ ╔════════════════════════════════════════════════════════════╗

2023-10-06 13:25:08,397 INFO     ___FILE_ONLY___ ╠═ Installing: gcloud cli dependencies                      ═╣

2023-10-06 13:25:08,397 INFO     ___FILE_ONLY___ ╚
2023-10-06 13:25:08,402 DEBUG    urllib3.connectionpool Starting new HTTPS connection (1): dl.google.com:443
2023-10-06 13:25:08,494 DEBUG    urllib3.connectionpool https://dl.google.com:443 "GET /dl/cloudsdk/channels/rapid/components/google-cloud-sdk-gcloud-deps-linux-x86_64-20210416153011.tar.gz HTTP/1.1" 200 104
2023-10-06 13:25:08,495 INFO     ___FILE_ONLY___ ══════════════════════════════
2023-10-06 13:25:08,495 INFO     ___FILE_ONLY___ ══════════════════════════════
2023-10-06 13:25:08,495 INFO     ___FILE_ONLY___ ╝

2023-10-06 13:25:08,505 INFO     ___FILE_ONLY___ ╔════════════════════════════════════════════════════════════╗

2023-10-06 13:25:08,505 INFO     ___FILE_ONLY___ ╠═ Creating backup and activating new installation          ═╣

2023-10-06 13:25:08,505 INFO     ___FILE_ONLY___ ╚
2023-10-06 13:25:08,506 DEBUG    root            Attempting to move directory [/tools/google-cloud-sdk] to [/tools/google-cloud-sdk.staging/.install/.backup]
2023-10-06 13:25:08,506 INFO     ___FILE_ONLY___ ══════════════════════════════
2023-10-06 13:25:08,506 DEBUG    root            Attempting to move directory [/tools/google-cloud-sdk.staging] to [/tools/google-cloud-sdk]
2023-10-06 13:25:08,506 INFO     ___FILE_ONLY___ ══════════════════════════════
2023-10-06 13:25:08,506 INFO     ___FILE_ONLY___ ╝

2023-10-06 13:25:08,510 DEBUG    root            Updating notification cache...
2023-10-06 13:25:08,511 INFO     ___FILE_ONLY___ 

2023-10-06 13:25:08,513 INFO     ___FILE_ONLY___ Performing post processing steps...
2023-10-06 13:25:08,513 DEBUG    root            Executing command: ['python3', '-S', '/tools/google-cloud-sdk/lib/gcloud.py', 'components', 'post-process']
2023-10-06 13:25:18,293 DEBUG    ___FILE_ONLY___ 
2023-10-06 13:25:18,293 DEBUG    ___FILE_ONLY___ 
2023-10-06 13:25:18,529 INFO     ___FILE_ONLY___ 
Update done!


2023-10-06 13:25:18,533 DEBUG    root            Chosen display Format:none
2023-10-06 13:25:18,533 INFO     root            Display format: "none"
